<?xml version="1.0" encoding="UTF-8"?>
<!-- Generated by org.testng.reporters.JUnitReportReporter -->
<testsuite hostname="LIM-JXQB5M3" failures="0" tests="1" name="training.FirstSeleniumJavaTest" time="22.233" errors="0" timestamp="2022-07-14T23:56:14 COT" skipped="0">
  <testcase classname="training.FirstSeleniumJavaTest" name="testTwo" time="22.233"/>
  <system-out/>
</testsuite> <!-- training.FirstSeleniumJavaTest -->
